<?xml version="1.0" encoding="UTF-8"?>
<testsuite xmlns:xsi="http://www.w3.org/2001/XMLSchema-instance" xsi:noNamespaceSchemaLocation="https://maven.apache.org/surefire/maven-surefire-plugin/xsd/surefire-test-report-3.0.xsd" version="3.0" name="com.lambda.test.JUnitConcurrentTest" time="101.463" tests="8" errors="0" skipped="0" failures="0">
  <properties>
[...]
</properties>
  <testcase name="BrowserWindowHandling[2]" classname="com.lambda.test.JUnitConcurrentTest" time="24.14">
    <system-out><![CDATA[Id of main window is :18
Id of main window is :CDwindow-F828EFA978B9F69861B0878E9DEAC758
Id of main window is :38
Id of main window is :CDwindow-058A1457BB1C2CB6CB8ADF17BC15C57D
Twitter

]]></system-out>
    <system-err><![CDATA[Oct 06, 2022 1:02:06 PM org.openqa.selenium.remote.tracing.opentelemetry.OpenTelemetryTracer createTracer
INFO: Using OpenTelemetry for tracing
SLF4J: Failed to load class "org.slf4j.impl.StaticLoggerBinder".
SLF4J: Defaulting to no-operation (NOP) logger implementation
SLF4J: See http://www.slf4j.org/codes.html#StaticLoggerBinder for further details.
Oct 06, 2022 1:02:08 PM org.openqa.selenium.remote.RemoteWebDriver checkNonW3CCapabilities
WARNING: Support for Legacy Capabilities is deprecated; You are sending the following invalid capabilities: [build, console, name, network, platform, version, video, visual]; Please update to W3C Syntax: https://www.selenium.dev/blog/2022/legacy-protocol-support/
Oct 06, 2022 1:02:08 PM org.openqa.selenium.remote.RemoteWebDriver checkNonW3CCapabilities
WARNING: Support for Legacy Capabilities is deprecated; You are sending the following invalid capabilities: [build, console, name, network, platform, version, video, visual]; Please update to W3C Syntax: https://www.selenium.dev/blog/2022/legacy-protocol-support/
Oct 06, 2022 1:02:08 PM org.openqa.selenium.remote.RemoteWebDriver checkNonW3CCapabilities
WARNING: Support for Legacy Capabilities is deprecated; You are sending the following invalid capabilities: [build, console, name, network, platform, version, video, visual]; Please update to W3C Syntax: https://www.selenium.dev/blog/2022/legacy-protocol-support/
Oct 06, 2022 1:02:08 PM org.openqa.selenium.remote.RemoteWebDriver checkNonW3CCapabilities
WARNING: Support for Legacy Capabilities is deprecated; You are sending the following invalid capabilities: [build, console, name, network, platform, version, video, visual]; Please update to W3C Syntax: https://www.selenium.dev/blog/2022/legacy-protocol-support/
Oct 06, 2022 1:02:17 PM org.openqa.selenium.remote.ProtocolHandshake createSession
INFO: Detected upstream dialect: W3C
Oct 06, 2022 1:02:17 PM org.openqa.selenium.remote.ProtocolHandshake createSession
WARNING: Support for Legacy Capabilities is deprecated; You are sending the following invalid capabilities: [build, console, name, network, platform, version, video, visual]; Please update to W3C Syntax: https://www.selenium.dev/blog/2022/legacy-protocol-support/
Oct 06, 2022 1:02:17 PM org.openqa.selenium.remote.ProtocolHandshake createSession
INFO: Detected upstream dialect: W3C
Oct 06, 2022 1:02:17 PM org.openqa.selenium.remote.ProtocolHandshake createSession
WARNING: Support for Legacy Capabilities is deprecated; You are sending the following invalid capabilities: [build, console, name, network, platform, version, video, visual]; Please update to W3C Syntax: https://www.selenium.dev/blog/2022/legacy-protocol-support/
]]></system-err>
  </testcase>
  <testcase name="BrowserWindowHandling[1]" classname="com.lambda.test.JUnitConcurrentTest" time="0.556">
    <system-err><![CDATA[Oct 06, 2022 1:02:30 PM org.openqa.selenium.remote.RemoteWebDriver checkNonW3CCapabilities
WARNING: Support for Legacy Capabilities is deprecated; You are sending the following invalid capabilities: [build, console, name, network, platform, version, video, visual]; Please update to W3C Syntax: https://www.selenium.dev/blog/2022/legacy-protocol-support/
]]></system-err>
  </testcase>
  <testcase name="HandlingRadioButton[1]" classname="com.lambda.test.JUnitConcurrentTest" time="25.973">
    <system-err><![CDATA[Oct 06, 2022 1:02:31 PM org.openqa.selenium.remote.RemoteWebDriver checkNonW3CCapabilities
WARNING: Support for Legacy Capabilities is deprecated; You are sending the following invalid capabilities: [build, console, name, network, platform, version, video, visual]; Please update to W3C Syntax: https://www.selenium.dev/blog/2022/legacy-protocol-support/
Oct 06, 2022 1:02:47 PM org.openqa.selenium.remote.ProtocolHandshake createSession
INFO: Detected upstream dialect: W3C
Oct 06, 2022 1:02:47 PM org.openqa.selenium.remote.ProtocolHandshake createSession
WARNING: Support for Legacy Capabilities is deprecated; You are sending the following invalid capabilities: [build, console, name, network, platform, version, video, visual]; Please update to W3C Syntax: https://www.selenium.dev/blog/2022/legacy-protocol-support/
Oct 06, 2022 1:02:48 PM org.openqa.selenium.remote.ProtocolHandshake createSession
INFO: Detected upstream dialect: W3C
Oct 06, 2022 1:02:48 PM org.openqa.selenium.remote.ProtocolHandshake createSession
WARNING: Support for Legacy Capabilities is deprecated; You are sending the following invalid capabilities: [build, console, name, network, platform, version, video, visual]; Please update to W3C Syntax: https://www.selenium.dev/blog/2022/legacy-protocol-support/
org.openqa.selenium.InvalidSelectorException: Compound class names not permitted
For documentation on this error, please visit: https://selenium.dev/exceptions/#invalid_selector_exception
Build info: version: '4.4.0', revision: 'e5c75ed026a'
System info: host: 'DESKTOP-FI8UJG3', ip: '192.168.43.191', os.name: 'Windows 10', os.arch: 'amd64', os.version: '10.0', java.version: '19'
Driver info: driver.version: unknown
	at org.openqa.selenium.By$ByClassName.<init>(By.java:310)
	at org.openqa.selenium.By.className(By.java:100)
	at com.lambda.test.JUnitConcurrentTest.HandlingRadioButton(JUnitConcurrentTest.java:95)
	at java.base/jdk.internal.reflect.DirectMethodHandleAccessor.invoke(DirectMethodHandleAccessor.java:104)
	at java.base/java.lang.reflect.Method.invoke(Method.java:578)
	at org.junit.runners.model.FrameworkMethod$1.runReflectiveCall(FrameworkMethod.java:59)
	at org.junit.internal.runners.model.ReflectiveCallable.run(ReflectiveCallable.java:12)
	at org.junit.runners.model.FrameworkMethod.invokeExplosively(FrameworkMethod.java:56)
	at org.junit.internal.runners.statements.InvokeMethod.evaluate(InvokeMethod.java:17)
	at org.junit.internal.runners.statements.RunBefores.evaluate(RunBefores.java:26)
	at org.junit.internal.runners.statements.RunAfters.evaluate(RunAfters.java:27)
	at org.junit.runners.ParentRunner$3.evaluate(ParentRunner.java:306)
	at org.junit.runners.BlockJUnit4ClassRunner$1.evaluate(BlockJUnit4ClassRunner.java:100)
	at org.junit.runners.ParentRunner.runLeaf(ParentRunner.java:366)
	at org.junit.runners.BlockJUnit4ClassRunner.runChild(BlockJUnit4ClassRunner.java:103)
	at org.junit.runners.BlockJUnit4ClassRunner.runChild(BlockJUnit4ClassRunner.java:63)
	at org.junit.runners.ParentRunner$4.run(ParentRunner.java:331)
	at org.junit.runners.ParentRunner$1.schedule(ParentRunner.java:79)
	at org.junit.runners.ParentRunner.runChildren(ParentRunner.java:329)
	at org.junit.runners.ParentRunner.access$100(ParentRunner.java:66)
	at org.junit.runners.ParentRunner$2.evaluate(ParentRunner.java:293)
	at org.junit.runners.ParentRunner.run(ParentRunner.java:413)
	at org.junit.runners.Suite.runChild(Suite.java:128)
	at org.junit.runners.Suite.runChild(Suite.java:27)
	at org.junit.runners.ParentRunner$4.run(ParentRunner.java:331)
	at java.base/java.util.concurrent.Executors$RunnableAdapter.call(Executors.java:577)
	at java.base/java.util.concurrent.FutureTask.run(FutureTask.java:317)
	at java.base/java.util.concurrent.ThreadPoolExecutor.runWorker(ThreadPoolExecutor.java:1144)
	at java.base/java.util.concurrent.ThreadPoolExecutor$Worker.run(ThreadPoolExecutor.java:642)
	at java.base/java.lang.Thread.run(Thread.java:1589)
org.openqa.selenium.InvalidSelectorException: Compound class names not permitted
For documentation on this error, please visit: https://selenium.dev/exceptions/#invalid_selector_exception
Build info: version: '4.4.0', revision: 'e5c75ed026a'
System info: host: 'DESKTOP-FI8UJG3', ip: '192.168.43.191', os.name: 'Windows 10', os.arch: 'amd64', os.version: '10.0', java.version: '19'
Driver info: driver.version: unknown
	at org.openqa.selenium.By$ByClassName.<init>(By.java:310)
	at org.openqa.selenium.By.className(By.java:100)
	at com.lambda.test.JUnitConcurrentTest.HandlingRadioButton(JUnitConcurrentTest.java:95)
	at java.base/jdk.internal.reflect.DirectMethodHandleAccessor.invoke(DirectMethodHandleAccessor.java:104)
	at java.base/java.lang.reflect.Method.invoke(Method.java:578)
	at org.junit.runners.model.FrameworkMethod$1.runReflectiveCall(FrameworkMethod.java:59)
	at org.junit.internal.runners.model.ReflectiveCallable.run(ReflectiveCallable.java:12)
	at org.junit.runners.model.FrameworkMethod.invokeExplosively(FrameworkMethod.java:56)
	at org.junit.internal.runners.statements.InvokeMethod.evaluate(InvokeMethod.java:17)
	at org.junit.internal.runners.statements.RunBefores.evaluate(RunBefores.java:26)
	at org.junit.internal.runners.statements.RunAfters.evaluate(RunAfters.java:27)
	at org.junit.runners.ParentRunner$3.evaluate(ParentRunner.java:306)
	at org.junit.runners.BlockJUnit4ClassRunner$1.evaluate(BlockJUnit4ClassRunner.java:100)
	at org.junit.runners.ParentRunner.runLeaf(ParentRunner.java:366)
	at org.junit.runners.BlockJUnit4ClassRunner.runChild(BlockJUnit4ClassRunner.java:103)
	at org.junit.runners.BlockJUnit4ClassRunner.runChild(BlockJUnit4ClassRunner.java:63)
	at org.junit.runners.ParentRunner$4.run(ParentRunner.java:331)
	at org.junit.runners.ParentRunner$1.schedule(ParentRunner.java:79)
	at org.junit.runners.ParentRunner.runChildren(ParentRunner.java:329)
	at org.junit.runners.ParentRunner.access$100(ParentRunner.java:66)
	at org.junit.runners.ParentRunner$2.evaluate(ParentRunner.java:293)
	at org.junit.runners.ParentRunner.run(ParentRunner.java:413)
	at org.junit.runners.Suite.runChild(Suite.java:128)
	at org.junit.runners.Suite.runChild(Suite.java:27)
	at org.junit.runners.ParentRunner$4.run(ParentRunner.java:331)
	at java.base/java.util.concurrent.Executors$RunnableAdapter.call(Executors.java:577)
	at java.base/java.util.concurrent.FutureTask.run(FutureTask.java:317)
	at java.base/java.util.concurrent.ThreadPoolExecutor.runWorker(ThreadPoolExecutor.java:1144)
	at java.base/java.util.concurrent.ThreadPoolExecutor$Worker.run(ThreadPoolExecutor.java:642)
	at java.base/java.lang.Thread.run(Thread.java:1589)
]]></system-err>
  </testcase>
  <testcase name="HandlingRadioButton[2]" classname="com.lambda.test.JUnitConcurrentTest" time="27.967"/>
  <testcase name="BrowserWindowHandling[3]" classname="com.lambda.test.JUnitConcurrentTest" time="46.155">
    <system-out><![CDATA[Id of main window is :5eb46264-0dee-4548-91dd-c830f403e9ee
Id of main window is :a66560b0-c365-4072-a6b9-0f70ce561d86

]]></system-out>
    <system-err><![CDATA[Oct 06, 2022 1:03:06 PM org.openqa.selenium.remote.ProtocolHandshake createSession
INFO: Detected upstream dialect: W3C
Oct 06, 2022 1:03:06 PM org.openqa.selenium.remote.ProtocolHandshake createSession
WARNING: Support for Legacy Capabilities is deprecated; You are sending the following invalid capabilities: [build, console, name, network, platform, version, video, visual]; Please update to W3C Syntax: https://www.selenium.dev/blog/2022/legacy-protocol-support/
Oct 06, 2022 1:03:08 PM org.openqa.selenium.remote.ProtocolHandshake createSession
INFO: Detected upstream dialect: W3C
Oct 06, 2022 1:03:08 PM org.openqa.selenium.remote.ProtocolHandshake createSession
WARNING: Support for Legacy Capabilities is deprecated; You are sending the following invalid capabilities: [build, console, name, network, platform, version, video, visual]; Please update to W3C Syntax: https://www.selenium.dev/blog/2022/legacy-protocol-support/
]]></system-err>
  </testcase>
  <testcase name="BrowserWindowHandling[0]" classname="com.lambda.test.JUnitConcurrentTest" time="9.051">
    <system-out><![CDATA[Id of main window is :CDwindow-0672E3CBAA2B5225B69767316D6E2D96
Id of main window is :CDwindow-ADA8FAA1C50AA9F25C1B8030FED1FD8E
Twitter
]]></system-out>
    <system-err><![CDATA[Oct 06, 2022 1:03:17 PM org.openqa.selenium.remote.RemoteWebDriver checkNonW3CCapabilities
WARNING: Support for Legacy Capabilities is deprecated; You are sending the following invalid capabilities: [build, console, name, network, platform, version, video, visual]; Please update to W3C Syntax: https://www.selenium.dev/blog/2022/legacy-protocol-support/
]]></system-err>
  </testcase>
  <testcase name="HandlingRadioButton[3]" classname="com.lambda.test.JUnitConcurrentTest" time="14.99">
    <system-err><![CDATA[Oct 06, 2022 1:03:26 PM org.openqa.selenium.remote.RemoteWebDriver checkNonW3CCapabilities
WARNING: Support for Legacy Capabilities is deprecated; You are sending the following invalid capabilities: [build, console, name, network, platform, version, video, visual]; Please update to W3C Syntax: https://www.selenium.dev/blog/2022/legacy-protocol-support/
Oct 06, 2022 1:03:32 PM org.openqa.selenium.remote.ProtocolHandshake createSession
INFO: Detected upstream dialect: W3C
Oct 06, 2022 1:03:32 PM org.openqa.selenium.remote.ProtocolHandshake createSession
WARNING: Support for Legacy Capabilities is deprecated; You are sending the following invalid capabilities: [build, console, name, network, platform, version, video, visual]; Please update to W3C Syntax: https://www.selenium.dev/blog/2022/legacy-protocol-support/
Oct 06, 2022 1:03:34 PM org.openqa.selenium.remote.ProtocolHandshake createSession
INFO: Detected upstream dialect: W3C
Oct 06, 2022 1:03:34 PM org.openqa.selenium.remote.ProtocolHandshake createSession
WARNING: Support for Legacy Capabilities is deprecated; You are sending the following invalid capabilities: [build, console, name, network, platform, version, video, visual]; Please update to W3C Syntax: https://www.selenium.dev/blog/2022/legacy-protocol-support/
org.openqa.selenium.InvalidSelectorException: Compound class names not permitted
For documentation on this error, please visit: https://selenium.dev/exceptions/#invalid_selector_exception
Build info: version: '4.4.0', revision: 'e5c75ed026a'
System info: host: 'DESKTOP-FI8UJG3', ip: '192.168.43.191', os.name: 'Windows 10', os.arch: 'amd64', os.version: '10.0', java.version: '19'
Driver info: driver.version: unknown
	at org.openqa.selenium.By$ByClassName.<init>(By.java:310)
	at org.openqa.selenium.By.className(By.java:100)
	at com.lambda.test.JUnitConcurrentTest.HandlingRadioButton(JUnitConcurrentTest.java:95)
	at java.base/jdk.internal.reflect.DirectMethodHandleAccessor.invoke(DirectMethodHandleAccessor.java:104)
	at java.base/java.lang.reflect.Method.invoke(Method.java:578)
	at org.junit.runners.model.FrameworkMethod$1.runReflectiveCall(FrameworkMethod.java:59)
	at org.junit.internal.runners.model.ReflectiveCallable.run(ReflectiveCallable.java:12)
	at org.junit.runners.model.FrameworkMethod.invokeExplosively(FrameworkMethod.java:56)
	at org.junit.internal.runners.statements.InvokeMethod.evaluate(InvokeMethod.java:17)
	at org.junit.internal.runners.statements.RunBefores.evaluate(RunBefores.java:26)
	at org.junit.internal.runners.statements.RunAfters.evaluate(RunAfters.java:27)
	at org.junit.runners.ParentRunner$3.evaluate(ParentRunner.java:306)
	at org.junit.runners.BlockJUnit4ClassRunner$1.evaluate(BlockJUnit4ClassRunner.java:100)
	at org.junit.runners.ParentRunner.runLeaf(ParentRunner.java:366)
	at org.junit.runners.BlockJUnit4ClassRunner.runChild(BlockJUnit4ClassRunner.java:103)
	at org.junit.runners.BlockJUnit4ClassRunner.runChild(BlockJUnit4ClassRunner.java:63)
	at org.junit.runners.ParentRunner$4.run(ParentRunner.java:331)
	at org.junit.runners.ParentRunner$1.schedule(ParentRunner.java:79)
	at org.junit.runners.ParentRunner.runChildren(ParentRunner.java:329)
	at org.junit.runners.ParentRunner.access$100(ParentRunner.java:66)
	at org.junit.runners.ParentRunner$2.evaluate(ParentRunner.java:293)
	at org.junit.runners.ParentRunner.run(ParentRunner.java:413)
	at org.junit.runners.Suite.runChild(Suite.java:128)
	at org.junit.runners.Suite.runChild(Suite.java:27)
	at org.junit.runners.ParentRunner$4.run(ParentRunner.java:331)
	at java.base/java.util.concurrent.Executors$RunnableAdapter.call(Executors.java:577)
	at java.base/java.util.concurrent.FutureTask.run(FutureTask.java:317)
	at java.base/java.util.concurrent.ThreadPoolExecutor.runWorker(ThreadPoolExecutor.java:1144)
	at java.base/java.util.concurrent.ThreadPoolExecutor$Worker.run(ThreadPoolExecutor.java:642)
	at java.base/java.lang.Thread.run(Thread.java:1589)
]]></system-err>
  </testcase>
  <testcase name="HandlingRadioButton[0]" classname="com.lambda.test.JUnitConcurrentTest" time="21.344">
    <system-err><![CDATA[org.openqa.selenium.InvalidSelectorException: Compound class names not permitted
For documentation on this error, please visit: https://selenium.dev/exceptions/#invalid_selector_exception
Build info: version: '4.4.0', revision: 'e5c75ed026a'
System info: host: 'DESKTOP-FI8UJG3', ip: '192.168.43.191', os.name: 'Windows 10', os.arch: 'amd64', os.version: '10.0', java.version: '19'
Driver info: driver.version: unknown
	at org.openqa.selenium.By$ByClassName.<init>(By.java:310)
	at org.openqa.selenium.By.className(By.java:100)
	at com.lambda.test.JUnitConcurrentTest.HandlingRadioButton(JUnitConcurrentTest.java:95)
	at java.base/jdk.internal.reflect.DirectMethodHandleAccessor.invoke(DirectMethodHandleAccessor.java:104)
	at java.base/java.lang.reflect.Method.invoke(Method.java:578)
	at org.junit.runners.model.FrameworkMethod$1.runReflectiveCall(FrameworkMethod.java:59)
	at org.junit.internal.runners.model.ReflectiveCallable.run(ReflectiveCallable.java:12)
	at org.junit.runners.model.FrameworkMethod.invokeExplosively(FrameworkMethod.java:56)
	at org.junit.internal.runners.statements.InvokeMethod.evaluate(InvokeMethod.java:17)
	at org.junit.internal.runners.statements.RunBefores.evaluate(RunBefores.java:26)
	at org.junit.internal.runners.statements.RunAfters.evaluate(RunAfters.java:27)
	at org.junit.runners.ParentRunner$3.evaluate(ParentRunner.java:306)
	at org.junit.runners.BlockJUnit4ClassRunner$1.evaluate(BlockJUnit4ClassRunner.java:100)
	at org.junit.runners.ParentRunner.runLeaf(ParentRunner.java:366)
	at org.junit.runners.BlockJUnit4ClassRunner.runChild(BlockJUnit4ClassRunner.java:103)
	at org.junit.runners.BlockJUnit4ClassRunner.runChild(BlockJUnit4ClassRunner.java:63)
	at org.junit.runners.ParentRunner$4.run(ParentRunner.java:331)
	at org.junit.runners.ParentRunner$1.schedule(ParentRunner.java:79)
	at org.junit.runners.ParentRunner.runChildren(ParentRunner.java:329)
	at org.junit.runners.ParentRunner.access$100(ParentRunner.java:66)
	at org.junit.runners.ParentRunner$2.evaluate(ParentRunner.java:293)
	at org.junit.runners.ParentRunner.run(ParentRunner.java:413)
	at org.junit.runners.Suite.runChild(Suite.java:128)
	at org.junit.runners.Suite.runChild(Suite.java:27)
	at org.junit.runners.ParentRunner$4.run(ParentRunner.java:331)
	at java.base/java.util.concurrent.Executors$RunnableAdapter.call(Executors.java:577)
	at java.base/java.util.concurrent.FutureTask.run(FutureTask.java:317)
	at java.base/java.util.concurrent.ThreadPoolExecutor.runWorker(ThreadPoolExecutor.java:1144)
	at java.base/java.util.concurrent.ThreadPoolExecutor$Worker.run(ThreadPoolExecutor.java:642)
	at java.base/java.lang.Thread.run(Thread.java:1589)
]]></system-err>
  </testcase>
</testsuite>